<?xml version="1.0" encoding="UTF-8"?>
<testsuite name="command.PrintCommandTest" tests="1" skipped="0" failures="0" errors="0" timestamp="2019-09-27T13:38:18" hostname="Zhenyulee-PC" time="0.011">
  <properties/>
  <testcase name="testExecute()" classname="command.PrintCommandTest" time="0.011"/>
  <system-out><![CDATA[]]></system-out>
  <system-err><![CDATA[]]></system-err>
</testsuite>
