<?xml version="1.0" encoding="UTF-8"?>
<testsuite name="command.SearchCommandTest" tests="2" skipped="0" failures="0" errors="0" timestamp="2019-09-27T13:35:01" hostname="Zhenyulee-PC" time="0.004">
  <properties/>
  <testcase name="testFind()" classname="command.SearchCommandTest" time="0.002"/>
  <testcase name="testSchedule()" classname="command.SearchCommandTest" time="0.001"/>
  <system-out><![CDATA[]]></system-out>
  <system-err><![CDATA[]]></system-err>
</testsuite>
