<?xml version="1.0" encoding="UTF-8"?>
<testsuite name="command.AddCommandTest" tests="2" skipped="0" failures="0" errors="0" timestamp="2019-09-27T13:35:01" hostname="Zhenyulee-PC" time="0.044">
  <properties/>
  <testcase name="testExecute()" classname="command.AddCommandTest" time="0.031"/>
  <testcase name="testAddEvent()" classname="command.AddCommandTest" time="0.012"/>
  <system-out><![CDATA[]]></system-out>
  <system-err><![CDATA[]]></system-err>
</testsuite>
